<?xml version="1.0" encoding="UTF-8"?>
<!-- Generated by org.testng.reporters.JUnitXMLReporter -->
<testsuite ignored="0" hostname="SKOTAPAT" failures="0" tests="3" name="Surefire test" time="128.235" errors="0" timestamp="2023-02-17T14:55:43 IST">
  <testcase classname="com.persistent.ecommerce.ui.tests.EcommerceTests" name="createAccount" time="6.909"/>
  <testcase classname="com.persistent.ecommerce.ui.tests.EcommerceTests" name="createOrder" time="65.22"/>
  <testcase classname="com.persistent.ecommerce.ui.tests.EcommerceTests" name="orderingWaterBottle" time="39.132"/>
</testsuite> <!-- Surefire test -->
