<?xml version="1.0" encoding="UTF-8"?>
<!-- Generated by org.testng.reporters.JUnitXMLReporter -->
<testsuite ignored="0" hostname="SKOTAPAT" failures="0" tests="3" name="Surefire test" time="129.655" errors="0" timestamp="2023-02-17T12:32:28 IST">
  <testcase classname="com.persistent.ecommerce.ui.tests.EcommerceTests" name="createAccount" time="8.169"/>
  <testcase classname="com.persistent.ecommerce.ui.tests.EcommerceTests" name="createOrder" time="56.472"/>
  <testcase classname="com.persistent.ecommerce.ui.tests.EcommerceTests" name="orderingWaterBottle" time="41.13"/>
</testsuite> <!-- Surefire test -->
