<?xml version="1.0" encoding="UTF-8"?>
<testng-results ignored="0" total="3" passed="3" failed="0" skipped="0">
  <reporter-output>
  </reporter-output>
  <suite started-at="2023-02-17T14:53:34 IST" name="Surefire suite" finished-at="2023-02-17T14:55:43 IST" duration-ms="128235">
    <groups>
    </groups>
    <test started-at="2023-02-17T14:53:34 IST" name="Surefire test" finished-at="2023-02-17T14:55:43 IST" duration-ms="128235">
      <class name="com.persistent.ecommerce.ui.tests.EcommerceTests">
        <test-method is-config="true" signature="setup()[pri:0, instance:com.persistent.ecommerce.ui.tests.EcommerceTests@550dbc7a]" started-at="2023-02-17T14:53:34 IST" name="setup" finished-at="2023-02-17T14:53:38 IST" duration-ms="3388" status="PASS">
          <reporter-output>
          </reporter-output>
        </test-method> <!-- setup -->
        <test-method signature="createAccount()[pri:0, instance:com.persistent.ecommerce.ui.tests.EcommerceTests@550dbc7a]" started-at="2023-02-17T14:53:38 IST" name="createAccount" finished-at="2023-02-17T14:53:45 IST" duration-ms="6909" status="PASS">
          <reporter-output>
          </reporter-output>
        </test-method> <!-- createAccount -->
        <test-method is-config="true" signature="teardown()[pri:0, instance:com.persistent.ecommerce.ui.tests.EcommerceTests@550dbc7a]" started-at="2023-02-17T14:53:45 IST" name="teardown" finished-at="2023-02-17T14:53:47 IST" duration-ms="2566" status="PASS">
          <reporter-output>
          </reporter-output>
        </test-method> <!-- teardown -->
        <test-method is-config="true" signature="setup()[pri:0, instance:com.persistent.ecommerce.ui.tests.EcommerceTests@550dbc7a]" started-at="2023-02-17T14:53:47 IST" name="setup" finished-at="2023-02-17T14:53:50 IST" duration-ms="2417" status="PASS">
          <reporter-output>
          </reporter-output>
        </test-method> <!-- setup -->
        <test-method signature="createOrder()[pri:0, instance:com.persistent.ecommerce.ui.tests.EcommerceTests@550dbc7a]" started-at="2023-02-17T14:53:50 IST" name="createOrder" finished-at="2023-02-17T14:54:55 IST" duration-ms="65220" status="PASS">
          <reporter-output>
          </reporter-output>
        </test-method> <!-- createOrder -->
        <test-method is-config="true" signature="teardown()[pri:0, instance:com.persistent.ecommerce.ui.tests.EcommerceTests@550dbc7a]" started-at="2023-02-17T14:54:55 IST" name="teardown" finished-at="2023-02-17T14:54:58 IST" duration-ms="3419" status="PASS">
          <reporter-output>
          </reporter-output>
        </test-method> <!-- teardown -->
        <test-method is-config="true" signature="setup()[pri:0, instance:com.persistent.ecommerce.ui.tests.EcommerceTests@550dbc7a]" started-at="2023-02-17T14:54:58 IST" name="setup" finished-at="2023-02-17T14:55:00 IST" duration-ms="2125" status="PASS">
          <reporter-output>
          </reporter-output>
        </test-method> <!-- setup -->
        <test-method signature="orderingWaterBottle()[pri:0, instance:com.persistent.ecommerce.ui.tests.EcommerceTests@550dbc7a]" started-at="2023-02-17T14:55:00 IST" name="orderingWaterBottle" finished-at="2023-02-17T14:55:39 IST" duration-ms="39132" status="PASS">
          <reporter-output>
          </reporter-output>
        </test-method> <!-- orderingWaterBottle -->
        <test-method is-config="true" signature="teardown()[pri:0, instance:com.persistent.ecommerce.ui.tests.EcommerceTests@550dbc7a]" started-at="2023-02-17T14:55:39 IST" name="teardown" finished-at="2023-02-17T14:55:43 IST" duration-ms="3011" status="PASS">
          <reporter-output>
          </reporter-output>
        </test-method> <!-- teardown -->
      </class> <!-- com.persistent.ecommerce.ui.tests.EcommerceTests -->
    </test> <!-- Surefire test -->
  </suite> <!-- Surefire suite -->
</testng-results>
