<?xml version="1.0" encoding="UTF-8"?>
<testsuite xmlns:xsi="http://www.w3.org/2001/XMLSchema-instance" xsi:noNamespaceSchemaLocation="https://maven.apache.org/surefire/maven-surefire-plugin/xsd/surefire-test-report-3.0.xsd" version="3.0" name="com.persistent.ecommerce.ui.tests.EcommerceTests" time="129.064" tests="3" errors="0" skipped="0" failures="0">
  <properties>
[...]
</properties>
  <testcase name="createAccount" classname="com.persistent.ecommerce.ui.tests.EcommerceTests" time="6.91">
    <system-out><![CDATA[Contact Information
Suneetha Kotapati
demoemail6@gmail.com
Edit Change Password
Order Completed: Test Case Passed
Contact Information
Suneetha Kotapati
demoemail6@gmail.com
Edit Change Password
Order Completed: Test Case Passed
]]></system-out>
    <system-err><![CDATA[SLF4J: No SLF4J providers were found.
SLF4J: Defaulting to no-operation (NOP) logger implementation
SLF4J: See https://www.slf4j.org/codes.html#noProviders for further details.
1676625815468	geckodriver	INFO	Listening on 127.0.0.1:21574
1676625815896	mozrunner::runner	INFO	Running command: "C:\\Program Files\\Mozilla Firefox\\firefox.exe" "--marionette" "--remote-debugging-port" "29661" "--remote ... st:29661/,http://[::1]:29661/" "-no-remote" "-profile" "C:\\Users\\SUNEET~1.KOT\\AppData\\Local\\Temp\\rust_mozprofileZ4LrfU"
console.warn: services.settings: Ignoring preference override of remote settings server
console.warn: services.settings: Allow by setting MOZ_REMOTE_SETTINGS_DEVTOOLS=1 in the environment
1676625816246	Marionette	INFO	Marionette enabled
Dynamically enable window occlusion 0
1676625816250	Marionette	INFO	Listening on port 58381
WebDriver BiDi listening on ws://127.0.0.1:29661
Read port: 58381
1676625816411	RemoteAgent	WARN	TLS certificate errors will be ignored for this session
console.warn: SearchSettings: "get: No settings file exists, new profile?" (new NotFoundError("Could not open the file at C:\\Users\\SUNEET~1.KOT\\AppData\\Local\\Temp\\rust_mozprofileZ4LrfU\\search.json.mozlz4", (void 0)))
DevTools listening on ws://127.0.0.1:29661/devtools/browser/89485a80-c82d-49e4-8b07-64758326be7f
JavaScript error: https://magento.softwaretestingboard.com/pub/static/version1666447838/frontend/Magento/luma/en_US/requirejs/require.js, line 16: Error: Script error for: Magento_Ui/js/view/messages
http://requirejs.org/docs/errors.html#scripterror
JavaScript error: https://magento.softwaretestingboard.com/pub/static/version1666447838/frontend/Magento/luma/en_US/requirejs/require.js, line 16: Error: Script error for: MSP_ReCaptcha/js/ui-messages-mixin
http://requirejs.org/docs/errors.html#scripterror
JavaScript error: https://magento.softwaretestingboard.com/pub/static/version1666447838/frontend/Magento/luma/en_US/requirejs/require.js, line 16: Error: Script error for: Magento_Ui/js/lib/core/element/links
http://requirejs.org/docs/errors.html#scripterror
console.warn: LoginRecipes: "Falling back to a synchronous message for: https://magento.softwaretestingboard.com."
console.warn: LoginRecipes: "Falling back to a synchronous message for: https://magento.softwaretestingboard.com."
]]></system-err>
  </testcase>
  <testcase name="createOrder" classname="com.persistent.ecommerce.ui.tests.EcommerceTests" time="65.22">
    <system-out><![CDATA[itemprice:59.0
shipping price :5.0
subtotal:59.0
discount:0.0
shipping:5.0
grandtotal:64.0
testcase passes
]]></system-out>
    <system-err><![CDATA[1676625825129	RemoteAgent	INFO	Perform WebSocket upgrade for incoming connection from 127.0.0.1:62309
1676625825133	CDP	ERROR	Invalid browser preferences for CDP. Set "fission.webContentIsolationStrategy"to 0 and "fission.bfcacheInParent" to false before Firefox starts.
1676625825204	Marionette	INFO	Stopped listening on port 58381
Dynamically enable window occlusion 1
1676625827758	geckodriver	INFO	Listening on 127.0.0.1:31064
1676625827804	mozrunner::runner	INFO	Running command: "C:\\Program Files\\Mozilla Firefox\\firefox.exe" "--marionette" "--remote-debugging-port" "9105" "--remote- ... host:9105/,http://[::1]:9105/" "-no-remote" "-profile" "C:\\Users\\SUNEET~1.KOT\\AppData\\Local\\Temp\\rust_mozprofileAM3Rs1"
console.warn: services.settings: Ignoring preference override of remote settings server
console.warn: services.settings: Allow by setting MOZ_REMOTE_SETTINGS_DEVTOOLS=1 in the environment
1676625828147	Marionette	INFO	Marionette enabled
Dynamically enable window occlusion 0
1676625828151	Marionette	INFO	Listening on port 52120
Read port: 52120
WebDriver BiDi listening on ws://127.0.0.1:9105
1676625828383	RemoteAgent	WARN	TLS certificate errors will be ignored for this session
console.warn: SearchSettings: "get: No settings file exists, new profile?" (new NotFoundError("Could not open the file at C:\\Users\\SUNEET~1.KOT\\AppData\\Local\\Temp\\rust_mozprofileAM3Rs1\\search.json.mozlz4", (void 0)))
DevTools listening on ws://127.0.0.1:9105/devtools/browser/cedf6c59-48ee-4a0c-afe0-bcf93b885f00
console.warn: LoginRecipes: "Falling back to a synchronous message for: https://magento.softwaretestingboard.com."
console.warn: LoginRecipes: "Falling back to a synchronous message for: https://magento.softwaretestingboard.com."
JavaScript error: https://magento.softwaretestingboard.com/pub/static/version1666447838/frontend/Magento/luma/en_US/Magento_Customer/js/customer-data.js, line 1: Error: [object Object]
]]></system-err>
  </testcase>
  <testcase name="orderingWaterBottle" classname="com.persistent.ecommerce.ui.tests.EcommerceTests" time="39.121">
    <system-out><![CDATA[itemprice:7.0
subtotal:7.0
discount:-4.9
shipping:5.0
grandtotal:7.1
testcase passes
]]></system-out>
    <system-err><![CDATA[1676625895331	RemoteAgent	INFO	Perform WebSocket upgrade for incoming connection from 127.0.0.1:54462
1676625895336	CDP	ERROR	Invalid browser preferences for CDP. Set "fission.webContentIsolationStrategy"to 0 and "fission.bfcacheInParent" to false before Firefox starts.
1676625895342	Marionette	INFO	Stopped listening on port 52120
Dynamically enable window occlusion 1
1676625898803	geckodriver	INFO	Listening on 127.0.0.1:25647
1676625898828	mozrunner::runner	INFO	Running command: "C:\\Program Files\\Mozilla Firefox\\firefox.exe" "--marionette" "--remote-debugging-port" "23039" "--remote ... st:23039/,http://[::1]:23039/" "-no-remote" "-profile" "C:\\Users\\SUNEET~1.KOT\\AppData\\Local\\Temp\\rust_mozprofiledrgBGV"
console.warn: services.settings: Ignoring preference override of remote settings server
console.warn: services.settings: Allow by setting MOZ_REMOTE_SETTINGS_DEVTOOLS=1 in the environment
1676625899172	Marionette	INFO	Marionette enabled
Dynamically enable window occlusion 0
1676625899176	Marionette	INFO	Listening on port 54468
WebDriver BiDi listening on ws://127.0.0.1:23039
Read port: 54468
1676625899422	RemoteAgent	WARN	TLS certificate errors will be ignored for this session
console.warn: SearchSettings: "get: No settings file exists, new profile?" (new NotFoundError("Could not open the file at C:\\Users\\SUNEET~1.KOT\\AppData\\Local\\Temp\\rust_mozprofiledrgBGV\\search.json.mozlz4", (void 0)))
DevTools listening on ws://127.0.0.1:23039/devtools/browser/6a0d49ff-38e9-4777-9d95-3a2a7f0706c1
console.warn: LoginRecipes: "Falling back to a synchronous message for: https://magento.softwaretestingboard.com."
console.warn: LoginRecipes: "Falling back to a synchronous message for: https://magento.softwaretestingboard.com."
JavaScript error: https://magento.softwaretestingboard.com/pub/static/version1666447838/frontend/Magento/luma/en_US/Magento_Customer/js/customer-data.js, line 1: Error: [object Object]
1676625907613	Marionette	WARN	Ignoring event 'DOMContentLoaded' because document has an invalid readyState of 'complete'.
JavaScript error: https://magento.softwaretestingboard.com/pub/static/version1666447838/frontend/Magento/luma/en_US/requirejs/require.js, line 16: Error: Script error for: Magento_Ui/js/lib/logger/entry
http://requirejs.org/docs/errors.html#scripterror
]]></system-err>
  </testcase>
</testsuite>